<?xml version="1.0" encoding="UTF-8"?>
<testsuite xmlns:xsi="http://www.w3.org/2001/XMLSchema-instance" xsi:noNamespaceSchemaLocation="https://maven.apache.org/surefire/maven-surefire-plugin/xsd/surefire-test-report.xsd" name="io.github.k0zka.benchmarx.cli.SomeMoreTest" time="0.038" tests="2" errors="0" skipped="1" failures="1">
  <properties>
    <property name="awt.toolkit" value="sun.awt.X11.XToolkit"/>
    <property name="file.encoding.pkg" value="sun.io"/>
    <property name="java.specification.version" value="1.8"/>
    <property name="sun.cpu.isalist" value=""/>
    <property name="sun.jnu.encoding" value="UTF-8"/>
    <property name="java.class.path" value="/home/kocka/sources/benchmarx/benchmarx-cli/target/test-classes:/home/kocka/sources/benchmarx/benchmarx-cli/target/classes:/home/kocka/.m2/repository/io/github/k0zka/benchmarx-model/1.0.0-SNAPSHOT/benchmarx-model-1.0.0-SNAPSHOT.jar:/home/kocka/.m2/repository/com/fasterxml/jackson/core/jackson-annotations/2.10.2/jackson-annotations-2.10.2.jar:/home/kocka/.m2/repository/org/jetbrains/kotlin/kotlin-stdlib-jdk8/1.3.70/kotlin-stdlib-jdk8-1.3.70.jar:/home/kocka/.m2/repository/org/jetbrains/kotlin/kotlin-stdlib-jdk7/1.3.70/kotlin-stdlib-jdk7-1.3.70.jar:/home/kocka/.m2/repository/org/jetbrains/kotlin/kotlin-stdlib/1.3.70/kotlin-stdlib-1.3.70.jar:/home/kocka/.m2/repository/org/jetbrains/kotlin/kotlin-stdlib-common/1.3.70/kotlin-stdlib-common-1.3.70.jar:/home/kocka/.m2/repository/org/jetbrains/annotations/13.0/annotations-13.0.jar:/home/kocka/.m2/repository/io/github/k0zka/benchmarx-api/1.0.0-SNAPSHOT/benchmarx-api-1.0.0-SNAPSHOT.jar:/home/kocka/.m2/repository/com/fasterxml/aalto-xml/1.2.2/aalto-xml-1.2.2.jar:/home/kocka/.m2/repository/org/codehaus/woodstox/stax2-api/4.2/stax2-api-4.2.jar:/home/kocka/.m2/repository/io/github/kerubistan/kroki/kroki-utils/1.11-SNAPSHOT/kroki-utils-1.11-SNAPSHOT.jar:/home/kocka/.m2/repository/org/jetbrains/kotlin/kotlin-test-junit/1.3.70/kotlin-test-junit-1.3.70.jar:/home/kocka/.m2/repository/org/jetbrains/kotlin/kotlin-test-annotations-common/1.3.70/kotlin-test-annotations-common-1.3.70.jar:/home/kocka/.m2/repository/org/jetbrains/kotlin/kotlin-test/1.3.70/kotlin-test-1.3.70.jar:/home/kocka/.m2/repository/org/jetbrains/kotlin/kotlin-test-common/1.3.70/kotlin-test-common-1.3.70.jar:/home/kocka/.m2/repository/junit/junit/4.12/junit-4.12.jar:/home/kocka/.m2/repository/org/hamcrest/hamcrest-core/1.3/hamcrest-core-1.3.jar:/home/kocka/.m2/repository/org/junit/jupiter/junit-jupiter-api/5.4.2/junit-jupiter-api-5.4.2.jar:/home/kocka/.m2/repository/org/apiguardian/apiguardian-api/1.0.0/apiguardian-api-1.0.0.jar:/home/kocka/.m2/repository/org/opentest4j/opentest4j/1.1.1/opentest4j-1.1.1.jar:/home/kocka/.m2/repository/org/junit/platform/junit-platform-commons/1.4.2/junit-platform-commons-1.4.2.jar:/home/kocka/.m2/repository/org/junit/jupiter/junit-jupiter/5.4.2/junit-jupiter-5.4.2.jar:/home/kocka/.m2/repository/org/junit/jupiter/junit-jupiter-params/5.4.2/junit-jupiter-params-5.4.2.jar:/home/kocka/.m2/repository/org/junit/jupiter/junit-jupiter-engine/5.4.2/junit-jupiter-engine-5.4.2.jar:/home/kocka/.m2/repository/org/junit/platform/junit-platform-engine/1.4.2/junit-platform-engine-1.4.2.jar:"/>
    <property name="java.vm.vendor" value="Private Build"/>
    <property name="sun.arch.data.model" value="64"/>
    <property name="java.vendor.url" value="http://java.oracle.com/"/>
    <property name="user.timezone" value=""/>
    <property name="java.vm.specification.version" value="1.8"/>
    <property name="os.name" value="Linux"/>
    <property name="user.country" value="US"/>
    <property name="sun.java.launcher" value="SUN_STANDARD"/>
    <property name="sun.boot.library.path" value="/usr/lib/jvm/java-8-openjdk-amd64/jre/lib/amd64"/>
    <property name="sun.java.command" value="/home/kocka/sources/benchmarx/benchmarx-cli/target/surefire/surefirebooter5491700397132522651.jar /home/kocka/sources/benchmarx/benchmarx-cli/target/surefire 2020-03-16T16-44-29_896-jvmRun1 surefire3937722783887579133tmp surefire_07513704155861059495tmp"/>
    <property name="surefire.test.class.path" value="/home/kocka/sources/benchmarx/benchmarx-cli/target/test-classes:/home/kocka/sources/benchmarx/benchmarx-cli/target/classes:/home/kocka/.m2/repository/io/github/k0zka/benchmarx-model/1.0.0-SNAPSHOT/benchmarx-model-1.0.0-SNAPSHOT.jar:/home/kocka/.m2/repository/com/fasterxml/jackson/core/jackson-annotations/2.10.2/jackson-annotations-2.10.2.jar:/home/kocka/.m2/repository/org/jetbrains/kotlin/kotlin-stdlib-jdk8/1.3.70/kotlin-stdlib-jdk8-1.3.70.jar:/home/kocka/.m2/repository/org/jetbrains/kotlin/kotlin-stdlib-jdk7/1.3.70/kotlin-stdlib-jdk7-1.3.70.jar:/home/kocka/.m2/repository/org/jetbrains/kotlin/kotlin-stdlib/1.3.70/kotlin-stdlib-1.3.70.jar:/home/kocka/.m2/repository/org/jetbrains/kotlin/kotlin-stdlib-common/1.3.70/kotlin-stdlib-common-1.3.70.jar:/home/kocka/.m2/repository/org/jetbrains/annotations/13.0/annotations-13.0.jar:/home/kocka/.m2/repository/io/github/k0zka/benchmarx-api/1.0.0-SNAPSHOT/benchmarx-api-1.0.0-SNAPSHOT.jar:/home/kocka/.m2/repository/com/fasterxml/aalto-xml/1.2.2/aalto-xml-1.2.2.jar:/home/kocka/.m2/repository/org/codehaus/woodstox/stax2-api/4.2/stax2-api-4.2.jar:/home/kocka/.m2/repository/io/github/kerubistan/kroki/kroki-utils/1.11-SNAPSHOT/kroki-utils-1.11-SNAPSHOT.jar:/home/kocka/.m2/repository/org/jetbrains/kotlin/kotlin-test-junit/1.3.70/kotlin-test-junit-1.3.70.jar:/home/kocka/.m2/repository/org/jetbrains/kotlin/kotlin-test-annotations-common/1.3.70/kotlin-test-annotations-common-1.3.70.jar:/home/kocka/.m2/repository/org/jetbrains/kotlin/kotlin-test/1.3.70/kotlin-test-1.3.70.jar:/home/kocka/.m2/repository/org/jetbrains/kotlin/kotlin-test-common/1.3.70/kotlin-test-common-1.3.70.jar:/home/kocka/.m2/repository/junit/junit/4.12/junit-4.12.jar:/home/kocka/.m2/repository/org/hamcrest/hamcrest-core/1.3/hamcrest-core-1.3.jar:/home/kocka/.m2/repository/org/junit/jupiter/junit-jupiter-api/5.4.2/junit-jupiter-api-5.4.2.jar:/home/kocka/.m2/repository/org/apiguardian/apiguardian-api/1.0.0/apiguardian-api-1.0.0.jar:/home/kocka/.m2/repository/org/opentest4j/opentest4j/1.1.1/opentest4j-1.1.1.jar:/home/kocka/.m2/repository/org/junit/platform/junit-platform-commons/1.4.2/junit-platform-commons-1.4.2.jar:/home/kocka/.m2/repository/org/junit/jupiter/junit-jupiter/5.4.2/junit-jupiter-5.4.2.jar:/home/kocka/.m2/repository/org/junit/jupiter/junit-jupiter-params/5.4.2/junit-jupiter-params-5.4.2.jar:/home/kocka/.m2/repository/org/junit/jupiter/junit-jupiter-engine/5.4.2/junit-jupiter-engine-5.4.2.jar:/home/kocka/.m2/repository/org/junit/platform/junit-platform-engine/1.4.2/junit-platform-engine-1.4.2.jar:"/>
    <property name="sun.cpu.endian" value="little"/>
    <property name="user.home" value="/home/kocka"/>
    <property name="user.language" value="en"/>
    <property name="java.specification.vendor" value="Oracle Corporation"/>
    <property name="java.home" value="/usr/lib/jvm/java-8-openjdk-amd64/jre"/>
    <property name="basedir" value="/home/kocka/sources/benchmarx/benchmarx-cli"/>
    <property name="file.separator" value="/"/>
    <property name="line.separator" value="&#10;"/>
    <property name="java.vm.specification.vendor" value="Oracle Corporation"/>
    <property name="java.specification.name" value="Java Platform API Specification"/>
    <property name="java.awt.graphicsenv" value="sun.awt.X11GraphicsEnvironment"/>
    <property name="surefire.real.class.path" value="/home/kocka/sources/benchmarx/benchmarx-cli/target/surefire/surefirebooter5491700397132522651.jar"/>
    <property name="sun.boot.class.path" value="/usr/lib/jvm/java-8-openjdk-amd64/jre/lib/resources.jar:/usr/lib/jvm/java-8-openjdk-amd64/jre/lib/rt.jar:/usr/lib/jvm/java-8-openjdk-amd64/jre/lib/sunrsasign.jar:/usr/lib/jvm/java-8-openjdk-amd64/jre/lib/jsse.jar:/usr/lib/jvm/java-8-openjdk-amd64/jre/lib/jce.jar:/usr/lib/jvm/java-8-openjdk-amd64/jre/lib/charsets.jar:/usr/lib/jvm/java-8-openjdk-amd64/jre/lib/jfr.jar:/usr/lib/jvm/java-8-openjdk-amd64/jre/classes"/>
    <property name="sun.management.compiler" value="HotSpot 64-Bit Tiered Compilers"/>
    <property name="java.runtime.version" value="1.8.0_242-8u242-b08-0ubuntu3~18.04-b08"/>
    <property name="user.name" value="kocka"/>
    <property name="path.separator" value=":"/>
    <property name="os.version" value="4.15.0-88-generic"/>
    <property name="java.endorsed.dirs" value="/usr/lib/jvm/java-8-openjdk-amd64/jre/lib/endorsed"/>
    <property name="java.runtime.name" value="OpenJDK Runtime Environment"/>
    <property name="file.encoding" value="UTF-8"/>
    <property name="java.vm.name" value="OpenJDK 64-Bit Server VM"/>
    <property name="localRepository" value="/home/kocka/.m2/repository"/>
    <property name="java.vendor.url.bug" value="http://bugreport.sun.com/bugreport/"/>
    <property name="java.io.tmpdir" value="/tmp"/>
    <property name="java.version" value="1.8.0_242"/>
    <property name="user.dir" value="/home/kocka/sources/benchmarx/benchmarx-cli"/>
    <property name="os.arch" value="amd64"/>
    <property name="java.vm.specification.name" value="Java Virtual Machine Specification"/>
    <property name="java.awt.printerjob" value="sun.print.PSPrinterJob"/>
    <property name="sun.os.patch.level" value="unknown"/>
    <property name="java.util.logging.manager" value="org.jboss.logmanager.LogManager"/>
    <property name="java.library.path" value="/usr/java/packages/lib/amd64:/usr/lib/x86_64-linux-gnu/jni:/lib/x86_64-linux-gnu:/usr/lib/x86_64-linux-gnu:/usr/lib/jni:/lib:/usr/lib"/>
    <property name="java.vm.info" value="mixed mode"/>
    <property name="java.vendor" value="Private Build"/>
    <property name="java.vm.version" value="25.242-b08"/>
    <property name="java.ext.dirs" value="/usr/lib/jvm/java-8-openjdk-amd64/jre/lib/ext:/usr/java/packages/lib/ext"/>
    <property name="sun.io.unicode.encoding" value="UnicodeLittle"/>
    <property name="java.class.version" value="52.0"/>
  </properties>
  <testcase name="failedTest" classname="io.github.k0zka.benchmarx.cli.SomeMoreTest" time="0.029">
    <failure message="this test must fail" type="java.lang.AssertionError">java.lang.AssertionError: this test must fail
	at io.github.k0zka.benchmarx.cli.SomeMoreTest.failedTest(SomeMoreTest.kt:20)
</failure>
  </testcase>
  <testcase name="assumptionFailed" classname="io.github.k0zka.benchmarx.cli.SomeMoreTest" time="0">
    <skipped message="got: &lt;false&gt;, expected: is &lt;true&gt;" type="org.junit.AssumptionViolatedException"><![CDATA[org.junit.AssumptionViolatedException: got: <false>, expected: is <true>
	at io.github.k0zka.benchmarx.cli.SomeMoreTest.assumptionFailed(SomeMoreTest.kt:15)
]]></skipped>
  </testcase>
</testsuite>